chinaw/proguard/seeds.txt
com.wuxi.app.MainTabActivity
com.wuxi.app.MainTabActivity: MainTabActivity()
com.wuxi.app.MainTabActivity: void onClick(android.view.View)
com.wuxi.app.activity.BaseItemContentActivity
com.wuxi.app.activity.BaseItemContentActivity: BaseItemContentActivity()
com.wuxi.app.activity.BaseSlideActivity
com.wuxi.app.activity.BaseSlideActivity: BaseSlideActivity()
com.wuxi.app.activity.BaseSlideActivity: void onClick(android.view.View)
com.wuxi.app.activity.MainIndexActivity
com.wuxi.app.activity.MainIndexActivity: MainIndexActivity()
com.wuxi.app.activity.MainIndexActivity: void onClick(android.view.View)
com.wuxi.app.activity.commactivity.ContentDetailActivity
com.wuxi.app.activity.commactivity.ContentDetailActivity: ContentDetailActivity()
com.wuxi.app.activity.commactivity.ContentDetailWebActivity
com.wuxi.app.activity.commactivity.ContentDetailWebActivity: ContentDetailWebActivity()
com.wuxi.app.activity.commactivity.ImageViewScaleActivity
com.wuxi.app.activity.commactivity.ImageViewScaleActivity: ImageViewScaleActivity()
com.wuxi.app.activity.commactivity.MenuItemMainActivity
com.wuxi.app.activity.commactivity.MenuItemMainActivity: MenuItemMainActivity()
com.wuxi.app.activity.commactivity.MenuItemMainActivity: void onClick(android.view.View)
com.wuxi.app.activity.homepage.FourTopicActivity
com.wuxi.app.activity.homepage.FourTopicActivity: FourTopicActivity()
com.wuxi.app.activity.homepage.HomeWebActivity
com.wuxi.app.activity.homepage.HomeWebActivity: HomeWebActivity()
com.wuxi.app.activity.homepage.LearActivity
com.wuxi.app.activity.homepage.LearActivity: LearActivity()
com.wuxi.app.activity.homepage.NewsAnnAcountActivitiy
com.wuxi.app.activity.homepage.NewsAnnAcountActivitiy: NewsAnnAcountActivitiy()
com.wuxi.app.activity.homepage.fantasticwuxi.ChannelActivity
com.wuxi.app.activity.homepage.fantasticwuxi.ChannelActivity: ChannelActivity()
com.wuxi.app.activity.homepage.fantasticwuxi.ChannelActivity: void onClick(android.view.View)
com.wuxi.app.activity.homepage.fantasticwuxi.WuxiChannelContentDetailActivity
com.wuxi.app.activity.homepage.fantasticwuxi.WuxiChannelContentDetailActivity: WuxiChannelContentDetailActivity()
com.wuxi.app.activity.homepage.goverpublicmsg.GPMApplyActivity
com.wuxi.app.activity.homepage.goverpublicmsg.GPMApplyActivity: GPMApplyActivity()
com.wuxi.app.activity.homepage.goverpublicmsg.GoverMsgContentDetailWebActivity
com.wuxi.app.activity.homepage.goverpublicmsg.GoverMsgContentDetailWebActivity: GoverMsgContentDetailWebActivity()
com.wuxi.app.activity.homepage.goverpublicmsg.PublicGoverMsgActivity
com.wuxi.app.activity.homepage.goverpublicmsg.PublicGoverMsgActivity: PublicGoverMsgActivity()
com.wuxi.app.activity.homepage.goversaloon.GoverSaloonActivity
com.wuxi.app.activity.homepage.goversaloon.GoverSaloonActivity: GoverSaloonActivity()
com.wuxi.app.activity.homepage.goversaloon.GoverSaloonContentDetialActivity
com.wuxi.app.activity.homepage.goversaloon.GoverSaloonContentDetialActivity: GoverSaloonContentDetialActivity()
com.wuxi.app.activity.homepage.goversaloon.GoverSaloonDetailCFActivity
com.wuxi.app.activity.homepage.goversaloon.GoverSaloonDetailCFActivity: GoverSaloonDetailCFActivity()
com.wuxi.app.activity.homepage.goversaloon.GoverSaloonDetailCFActivity: void onClick(android.view.View)
com.wuxi.app.activity.homepage.goversaloon.GoverSaloonDetailQTActivity
com.wuxi.app.activity.homepage.goversaloon.GoverSaloonDetailQTActivity: GoverSaloonDetailQTActivity()
com.wuxi.app.activity.homepage.goversaloon.GoverSaloonDetailQTActivity: void onClick(android.view.View)
com.wuxi.app.activity.homepage.goversaloon.GoverSaloonDetailQZActivity
com.wuxi.app.activity.homepage.goversaloon.GoverSaloonDetailQZActivity: GoverSaloonDetailQZActivity()
com.wuxi.app.activity.homepage.goversaloon.GoverSaloonDetailQZActivity: void onClick(android.view.View)
...
com.baidu.mapapi.map.MapController
com.baidu.mapapi.map.MapController: com.baidu.platform.comapi.map.o a
com.baidu.mapapi.map.MapController: com.baidu.mapapi.map.MapView c
com.baidu.mapapi.map.MapController: android.os.Message b
com.baidu.mapapi.map.MapController: boolean d
com.baidu.mapapi.map.MapController: boolean e
com.baidu.mapapi.map.MapController: boolean f
com.baidu.mapapi.map.MapController: boolean g
com.baidu.mapapi.map.MapController: MapController(com.baidu.mapapi.map.MapView)
com.baidu.mapapi.map.MapController: void animateTo(com.baidu.platform.comapi.basestruct.GeoPoint)
com.baidu.mapapi.map.MapController: void animateTo(com.baidu.platform.comapi.basestruct.GeoPoint,android.os.Message)
com.baidu.mapapi.map.MapController: boolean onKey(android.view.View,int,android.view.KeyEvent)
com.baidu.mapapi.map.MapController: void scrollBy(int,int)
com.baidu.mapapi.map.MapController: void enableClick(boolean)
com.baidu.mapapi.map.MapController: void setCenter(com.baidu.platform.comapi.basestruct.GeoPoint)
com.baidu.mapapi.map.MapController: void setRotation(int)
com.baidu.mapapi.map.MapController: void setOverlooking(int)
com.baidu.mapapi.map.MapController: float setZoom(float)
com.baidu.mapapi.map.MapController: boolean zoomIn()
com.baidu.mapapi.map.MapController: boolean zoomInFixing(int,int)
com.baidu.mapapi.map.MapController: boolean zoomOut()
com.baidu.mapapi.map.MapController: boolean zoomOutFixing(int,int)
com.baidu.mapapi.map.MapController: void zoomToSpan(int,int)
com.baidu.mapapi.map.MapPoi
com.baidu.mapapi.map.MapPoi: java.lang.String strText
com.baidu.mapapi.map.MapPoi: com.baidu.platform.comapi.basestruct.GeoPoint geoPt
com.baidu.mapapi.map.MapPoi: int offset
com.baidu.mapapi.map.MapPoi: MapPoi()
com.baidu.mapapi.map.MapView
com.baidu.mapapi.map.MapView: com.baidu.mapapi.map.MapController d
com.baidu.mapapi.map.MapView: com.baidu.platform.comapi.map.t e
com.baidu.mapapi.map.MapView: com.baidu.platform.comapi.map.q a
com.baidu.mapapi.map.MapView: com.baidu.mapapi.map.MapView$c b
com.baidu.mapapi.map.MapView: com.baidu.platform.comapi.map.a c
com.baidu.mapapi.map.MapView: int f
com.baidu.mapapi.map.MapView: int g
com.baidu.mapapi.map.MapView: android.widget.ZoomControls h
com.baidu.mapapi.map.MapView: float i
com.baidu.mapapi.map.MapView: com.baidu.platform.comapi.map.Projection j
com.baidu.mapapi.map.MapView: int k
com.baidu.mapapi.map.MapView: int l
com.baidu.mapapi.map.MapView: com.baidu.platform.comapi.map.q$b m
com.baidu.mapapi.map.MapView: android.content.Context n
com.baidu.mapapi.map.MapView: com.baidu.mapapi.map.MKMapViewListener o
com.baidu.mapapi.map.MapView: boolean p
com.baidu.mapapi.map.MapView: com.baidu.platform.comapi.map.s q
com.baidu.mapapi.map.MapView: boolean r
com.baidu.mapapi.map.MapView: boolean s
com.baidu.mapapi.map.MapView: java.util.List t
com.baidu.mapapi.map.MapView: MapView(android.content.Context,android.util.AttributeSet,int)
com.baidu.mapapi.map.MapView: MapView(android.content.Context,android.util.AttributeSet)
com.baidu.mapapi.map.MapView: MapView(android.content.Context)
com.baidu.mapapi.map.MapView: void onPause()
com.baidu.mapapi.map.MapView: void setVisibility(int)
com.baidu.mapapi.map.MapView: int a(java.lang.String)