chinaw/proguard/mapping.txt
com.wuxi.app.AppManager -> com.wuxi.app.a:
    com.wuxi.app.AppManager instance -> a
    android.content.Context context -> b
    com.wuxi.app.AppManager getInstance(android.content.Context) -> a
    java.lang.String getVersion() -> a
    boolean isUpdate(com.wuxi.domain.UpdateInfo) -> a
    void clearCacheFile(boolean) -> a
com.wuxi.app.BaseFragment -> com.wuxi.app.b:
com.wuxi.app.MainTabActivity -> com.wuxi.app.MainTabActivity:
    android.widget.RadioGroup radioGroup -> d
    java.util.Stack stack -> a
    com.wuxi.app.MainTabActivity instance -> b
    android.widget.LinearLayout main_tab -> e
    com.wuxi.app.engine.InitService initService -> f
    android.widget.RelativeLayout llMain -> g
    android.widget.RadioButton main_tab_index -> h
    android.widget.RadioButton main_tab_search -> i
    android.widget.RadioButton main_tab_login_reg -> j
    android.widget.RadioButton main_tab_mine -> k
    android.widget.RadioButton main_tab_more -> l
    boolean fistLoadAPP -> c
    long lastExitTime -> m
    android.os.Handler handler -> n
    void hideOrShowTab() -> a
    void onCreate(android.os.Bundle) -> onCreate
    void addView(android.content.Intent,android.view.animation.Animation) -> a
    void addView(android.content.Intent) -> a
    int pop() -> b
    void clearAll() -> c
    void onDestroy() -> onDestroy
    void onCheckedChanged(android.widget.RadioGroup,int) -> onCheckedChanged
    void onClick(android.view.View) -> onClick
    boolean dispatchKeyEvent(android.view.KeyEvent) -> dispatchKeyEvent
    void access$0(com.wuxi.app.MainTabActivity) -> a
com.wuxi.app.MainTabActivity$1 -> com.wuxi.app.c:
    com.wuxi.app.MainTabActivity this$0 -> a
    void handleMessage(android.os.Message) -> handleMessage
com.wuxi.app.PopWindowManager -> com.wuxi.app.d:
    com.wuxi.app.PopWindowManager instance -> a
    java.util.List popWindows -> b
    com.wuxi.app.PopWindowManager getInstance() -> a
    void addPopWindow(android.widget.PopupWindow) -> a
com.wuxi.app.activity.BaseItemContentActivity -> com.wuxi.app.activity.BaseItemContentActivity:
    android.widget.ImageView setting_btn -> a
    android.widget.ImageView share_btn -> b
    android.widget.ImageView download_btn -> c
    android.widget.RelativeLayout rl_down -> d
    android.widget.RelativeLayout rl_setting -> e
    android.widget.RelativeLayout rl_search_share -> f
    com.wuxi.app.popwin.SharePopWindow sharePopWindow -> m
    android.view.View$OnClickListener SettingClick -> n
    android.view.View$OnClickListener ShareClick -> o
    android.view.View$OnClickListener DownloadClick -> p
    int getLayoutId() -> a
    void findMainContentViews(android.view.View) -> a
    java.lang.String getTitleText() -> b
    int getContentLayoutId() -> c
    java.lang.String getContentTitleText() -> d
    void onBack() -> e
    com.wuxi.app.popwin.SharePopWindow access$0(com.wuxi.app.activity.BaseItemContentActivity) -> a
    void access$1(com.wuxi.app.activity.BaseItemContentActivity,com.wuxi.app.popwin.SharePopWindow) -> a
com.wuxi.app.activity.BaseItemContentActivity$1 -> com.wuxi.app.activity.a:
    com.wuxi.app.activity.BaseItemContentActivity this$0 -> a
    void onClick(android.view.View) -> onClick
com.wuxi.app.activity.BaseItemContentActivity$2 -> com.wuxi.app.activity.b:
    com.wuxi.app.activity.BaseItemContentActivity this$0 -> a
    void onClick(android.view.View) -> onClick
com.wuxi.app.activity.BaseItemContentActivity$3 -> com.wuxi.app.activity.c:
    com.wuxi.app.activity.BaseItemContentActivity this$0 -> a
    void onClick(android.view.View) -> onClick
...
com.google.gson.Gson$1 -> com.a.a.k:
    com.google.gson.Gson this$0 -> a
    java.lang.Object initialValue() -> initialValue
com.google.gson.Gson$2 -> com.a.a.l:
    com.google.gson.Gson this$0 -> a
com.google.gson.Gson$3 -> com.a.a.m:
    com.google.gson.Gson this$0 -> a
com.google.gson.Gson$4 -> com.a.a.n:
    com.google.gson.Gson this$0 -> a
    java.lang.Object read(com.google.gson.stream.JsonReader) -> a
    void write(com.google.gson.stream.JsonWriter,java.lang.Object) -> a
com.google.gson.Gson$5 -> com.a.a.o:
    com.google.gson.Gson this$0 -> a
    java.lang.Object read(com.google.gson.stream.JsonReader) -> a
    void write(com.google.gson.stream.JsonWriter,java.lang.Object) -> a
com.google.gson.Gson$6 -> com.a.a.p:
    com.google.gson.Gson this$0 -> a
    java.lang.Object read(com.google.gson.stream.JsonReader) -> a
    void write(com.google.gson.stream.JsonWriter,java.lang.Object) -> a
com.google.gson.Gson$FutureTypeAdapter -> com.a.a.q:
    com.google.gson.TypeAdapter delegate -> a
    void setDelegate(com.google.gson.TypeAdapter) -> a
    java.lang.Object read(com.google.gson.stream.JsonReader) -> a
    void write(com.google.gson.stream.JsonWriter,java.lang.Object) -> a
com.google.gson.InstanceCreator -> com.a.a.r:
    java.lang.Object createInstance$6d6ddcce() -> a
com.google.gson.JsonArray -> com.a.a.s:
    java.util.List elements -> a
    void add(com.google.gson.JsonElement) -> a
    java.util.Iterator iterator() -> iterator
    java.lang.Number getAsNumber() -> a
    java.lang.String getAsString() -> b
    double getAsDouble() -> c
    long getAsLong() -> d
    int getAsInt() -> e
    boolean getAsBoolean() -> f
    boolean equals(java.lang.Object) -> equals
    int hashCode() -> hashCode
com.google.gson.JsonDeserializationContext -> com.a.a.t:
com.google.gson.JsonElement -> com.a.a.u:
    boolean isJsonArray() -> g
    boolean isJsonObject() -> h
    boolean isJsonPrimitive() -> i
    boolean isJsonNull() -> j
    com.google.gson.JsonObject getAsJsonObject() -> k
    com.google.gson.JsonArray getAsJsonArray() -> l
    com.google.gson.JsonPrimitive getAsJsonPrimitive() -> m
    boolean getAsBoolean() -> f
    java.lang.Number getAsNumber() -> a
    java.lang.String getAsString() -> b
    double getAsDouble() -> c
    long getAsLong() -> d
    int getAsInt() -> e
    java.lang.String toString() -> toString
com.google.gson.JsonIOException -> com.a.a.v:
com.google.gson.JsonNull -> com.a.a.w:
    com.google.gson.JsonNull INSTANCE -> a
    int hashCode() -> hashCode
    boolean equals(java.lang.Object) -> equals
com.google.gson.JsonObject -> com.a.a.x:
    com.google.gson.internal.StringMap members -> a
    void add(java.lang.String,com.google.gson.JsonElement) -> a
    java.util.Set entrySet() -> n
    boolean equals(java.lang.Object) -> equals
    int hashCode() -> hashCode
com.google.gson.JsonParseException -> com.a.a.y:
com.google.gson.JsonPrimitive -> com.a.a.z:
    java.lang.Class[] PRIMITIVE_TYPES -> a
    java.lang.Object value -> b
    void setValue(java.lang.Object) -> a
    boolean isBoolean() -> n
    boolean getAsBoolean() -> f
    boolean isNumber() -> o
    java.lang.Number getAsNumber() -> a
    boolean isString() -> p
    java.lang.String getAsString() -> b
    double getAsDouble() -> c
    long getAsLong() -> d
    int getAsInt() -> e
    int hashCode() -> hashCode
    boolean equals(java.lang.Object) -> equals
    boolean isIntegral(com.google.gson.JsonPrimitive) -> a
com.google.gson.JsonSerializationContext -> com.a.a.aa:
com.google.gson.JsonSyntaxException -> com.a.a.ab:
com.google.gson.LongSerializationPolicy -> com.a.a.ac:
    com.google.gson.LongSerializationPolicy DEFAULT -> a
    com.google.gson.LongSerializationPolicy STRING -> b
    com.google.gson.LongSerializationPolicy[] $VALUES -> c
    com.google.gson.LongSerializationPolicy[] values() -> values
    com.google.gson.LongSerializationPolicy valueOf(java.lang.String) -> valueOf
com.google.gson.LongSerializationPolicy$1 -> com.a.a.ad: