chinaw/proguard/usage.txt
com.wuxi.app.BaseFragment:
    16:16:public void initializSubFragmentsLayout()
com.wuxi.app.BuildConfig
com.wuxi.app.MainTabActivity:
    private static final int REMOVE_VIEW
    222:229:public void clearStack()
com.wuxi.app.Manifest
com.wuxi.app.Manifest$permission
com.wuxi.app.PopWindowManager:
    32:36:public android.widget.PopupWindow getPopupWindow(android.widget.PopupWindow)
    44:52:public void dissMissPopWindow(android.widget.PopupWindow)
    56:61:public void removePowWIndows()
com.wuxi.app.R
com.wuxi.app.R$anim
com.wuxi.app.R$array
com.wuxi.app.R$attr
com.wuxi.app.R$color
com.wuxi.app.R$dimen
com.wuxi.app.R$drawable
com.wuxi.app.R$id
com.wuxi.app.R$layout
com.wuxi.app.R$menu
com.wuxi.app.R$string
com.wuxi.app.R$style
com.wuxi.app.activity.BaseSlideActivity:
    protected static final int FRAME_CONTENT
    public static final java.lang.String SELECT_MENU_POSITION_KEY
    private static final java.lang.String MENUITEM_CACKE_KEY
    86:87:public void setLeftSelectPostion(int)
    261:262:public void setUnTouchableOffset(float,float)
com.wuxi.app.activity.MainIndexActivity:
    private static final int MENUITEM_LOAD_SUCESS
    private static final java.lang.String MENUITEM_CACKE_KEY
    private static final java.lang.String ANNOUNCE_CACHE_KEY
    private static final java.lang.String NEW_CACHE_KEY
    private static final int MENUITEM_LOAD_ERROR
    private static final int ANNOUNCE_LOAD_SUCCESS
    private static final int ANNOUNCE_LOAD_FAIL
    private static final int NEWS_LOAD_SUCCESS
    private static final int NEWS_LOAD_FAIL
    private static final int PAGE_ITEM
    protected static final int UPDATE_APK
    protected static final int NO_UPDATE_APK
    public static final int DOWLOAD_ERROR
    489:514:private int getGridViewHeight(android.widget.GridView)
com.wuxi.app.activity.commactivity.ContentDetailActivity:
    public static final java.lang.String CHANNEL_KEY
    public static final java.lang.String MENUITEM_KEY
    public static final java.lang.String CONTENT_KEY
com.wuxi.app.activity.commactivity.ImageViewScaleActivity:
    public static final java.lang.String BITMAP_KEY
com.wuxi.app.activity.commactivity.MenuItemMainActivity:
    private static final long serialVersionUID
    private static final int MANCOTENT_ID
    private static final int TITLE_LOAD_SUCCESS
    protected static final int TITLE_LOAD_FAIL
com.wuxi.app.activity.homepage.NewsAnnAcountActivitiy:
    public static final int NEWS
    public static final int ANNACOUNT
    public static final java.lang.String SHOWTYPE_KEY
com.wuxi.app.activity.homepage.fantasticwuxi.ChannelActivity:
    private static final int MANCOTENT_ID
    private static final int TITLE__LOAD_SUCESS
    private static final int TITLE_LOAD_ERROR
    protected static final java.lang.String TAG
    public static final java.lang.String SHOWCHANNEL_LAYOUT_INDEXKEY
    195:196:public void setMenuItem(com.wuxi.domain.MenuItem)
com.wuxi.app.activity.homepage.goverpublicmsg.GPMApplyActivity:
    private static final int FRAGMENT_ID
    private com.wuxi.domain.ApplyDept applyDept
    57:57:public com.wuxi.domain.ApplyDept getApplyDept()
    66:67:public void setApplyDept(com.wuxi.domain.ApplyDept)
com.wuxi.app.activity.homepage.goverpublicmsg.PublicGoverMsgActivity:
    private static final long serialVersionUID
com.wuxi.app.activity.homepage.goversaloon.GoverSaloonActivity:
    private static final long serialVersionUID
    private static final int DETAIL_ID
    protected static final int LEFT_CHANNEL_DATA__LOAD_SUCCESS
    protected static final int LEFT_MENUITEM_DATA__LOAD_SUCCESS
    protected static final int LEFT_DATA__LOAD_ERROR
    290:291:public void setParentMenuItem(com.wuxi.domain.MenuItem)
...
com.google.gson.JsonPrimitive:
    74:76:public JsonPrimitive(java.lang.Character)
    84:86:JsonPrimitive(java.lang.Object)
    199:199:public java.math.BigDecimal getAsBigDecimal()
    210:210:public java.math.BigInteger getAsBigInteger()
    222:222:public float getAsFloat()
    244:244:public short getAsShort()
    260:260:public byte getAsByte()
    265:265:public char getAsCharacter()
com.google.gson.JsonSerializationContext:
    public abstract com.google.gson.JsonElement serialize(java.lang.Object)
    public abstract com.google.gson.JsonElement serialize(java.lang.Object,java.lang.reflect.Type)
com.google.gson.JsonSerializer
com.google.gson.JsonStreamParser
com.google.gson.JsonSyntaxException:
    private static final long serialVersionUID
com.google.gson.LongSerializationPolicy:
    public abstract com.google.gson.JsonElement serialize(java.lang.Long)
com.google.gson.LongSerializationPolicy$1:
    36:36:public com.google.gson.JsonElement serialize(java.lang.Long)
com.google.gson.LongSerializationPolicy$2:
    47:47:public com.google.gson.JsonElement serialize(java.lang.Long)
com.google.gson.TreeTypeAdapter
com.google.gson.TreeTypeAdapter$1
com.google.gson.TreeTypeAdapter$SingleTypeFactory
com.google.gson.TypeAdapter:
    141:143:public final void toJson(java.io.Writer,java.lang.Object)
    186:186:public final com.google.gson.TypeAdapter nullSafe()
    215:217:public final java.lang.String toJson(java.lang.Object)
    255:256:public final java.lang.Object fromJson(java.io.Reader)
    269:269:public final java.lang.Object fromJson(java.lang.String)
    280:283:public final java.lang.Object fromJsonTree(com.google.gson.JsonElement)
com.google.gson.TypeAdapter$1
com.google.gson.internal.$Gson$Preconditions:
    32:32:public $Gson$Preconditions()
com.google.gson.internal.$Gson$Types:
    45:45:private $Gson$Types()
com.google.gson.internal.$Gson$Types$GenericArrayTypeImpl:
    private static final long serialVersionUID
com.google.gson.internal.$Gson$Types$ParameterizedTypeImpl:
    private static final long serialVersionUID
com.google.gson.internal.$Gson$Types$WildcardTypeImpl:
    private static final long serialVersionUID
com.google.gson.internal.Excluder:
    private static final double IGNORE_VERSIONS
    70:72:public com.google.gson.internal.Excluder withVersion(double)
    76:81:public varargs com.google.gson.internal.Excluder withModifiers(int[])
    85:87:public com.google.gson.internal.Excluder disableInnerClassSerialization()
    91:93:public com.google.gson.internal.Excluder excludeFieldsWithoutExposeAnnotation()
    98:108:public com.google.gson.internal.Excluder withExclusionStrategy(com.google.gson.ExclusionStrategy,boolean,boolean)
com.google.gson.internal.Primitives:
    32:32:private Primitives()
    80:80:public static boolean isWrapperType(java.lang.reflect.Type)
    96:98:public static java.lang.Class wrap(java.lang.Class)
    113:115:public static java.lang.Class unwrap(java.lang.Class)
com.google.gson.internal.Streams:
    35:79:public Streams()
    40:60:public static com.google.gson.JsonElement parse(com.google.gson.stream.JsonReader)
    72:72:public static java.io.Writer writerForAppendable(java.lang.Appendable)
com.google.gson.internal.Streams$1
com.google.gson.internal.Streams$AppendableWriter
com.google.gson.internal.Streams$AppendableWriter$CurrentWrite
com.google.gson.internal.StringMap:
    private static final int MINIMUM_CAPACITY
    private static final int MAXIMUM_CAPACITY
com.google.gson.internal.bind.JsonTreeReader:
    53:55:public JsonTreeReader(com.google.gson.JsonElement)
com.google.gson.internal.bind.JsonTreeWriter:
    163:167:public com.google.gson.stream.JsonWriter value(double)
com.google.gson.internal.bind.TypeAdapters:
    58:58:private TypeAdapters()
    760:760:public static com.google.gson.TypeAdapterFactory newFactory(com.google.gson.reflect.TypeToken,com.google.gson.TypeAdapter)